<?xml version="1.0" encoding="UTF-8"?>
<coverage generated="1556064350703" clover="3.2.0">
  <project timestamp="1556064350703" name="All files">
    <metrics statements="34" coveredstatements="28" conditionals="13" coveredconditionals="8" methods="25" coveredmethods="24" elements="72" coveredelements="60" complexity="0" loc="34" ncloc="34" packages="3" files="8" classes="8"/>
    <package name="src">
      <metrics statements="17" coveredstatements="16" conditionals="4" coveredconditionals="3" methods="14" coveredmethods="14"/>
      <file name="List.js" path="/Users/user150404/Desktop/Projetos React Native/testsrn/src/List.js">
        <metrics statements="9" coveredstatements="8" conditionals="4" coveredconditionals="3" methods="8" coveredmethods="8"/>
        <line num="14" count="6" type="cond" truecount="1" falsecount="1"/>
        <line num="16" count="0" type="stmt"/>
        <line num="20" count="6" type="stmt"/>
        <line num="22" count="15" type="stmt"/>
        <line num="27" count="1" type="stmt"/>
        <line num="36" count="1" type="stmt"/>
        <line num="37" count="3" type="stmt"/>
        <line num="42" count="1" type="stmt"/>
        <line num="49" count="12" type="stmt"/>
      </file>
      <file name="Post.js" path="/Users/user150404/Desktop/Projetos React Native/testsrn/src/Post.js">
        <metrics statements="3" coveredstatements="3" conditionals="0" coveredconditionals="0" methods="2" coveredmethods="2"/>
        <line num="5" count="2" type="stmt"/>
        <line num="6" count="1" type="stmt"/>
        <line num="10" count="1" type="stmt"/>
      </file>
      <file name="TodoList.js" path="/Users/user150404/Desktop/Projetos React Native/testsrn/src/TodoList.js">
        <metrics statements="5" coveredstatements="5" conditionals="0" coveredconditionals="0" methods="4" coveredmethods="4"/>
        <line num="9" count="1" type="stmt"/>
        <line num="10" count="2" type="stmt"/>
        <line num="12" count="4" type="stmt"/>
        <line num="19" count="2" type="stmt"/>
        <line num="23" count="2" type="stmt"/>
      </file>
    </package>
    <package name="src.service">
      <metrics statements="0" coveredstatements="0" conditionals="0" coveredconditionals="0" methods="0" coveredmethods="0"/>
      <file name="api.js" path="/Users/user150404/Desktop/Projetos React Native/testsrn/src/service/api.js">
        <metrics statements="0" coveredstatements="0" conditionals="0" coveredconditionals="0" methods="0" coveredmethods="0"/>
      </file>
    </package>
    <package name="src.store">
      <metrics statements="17" coveredstatements="12" conditionals="9" coveredconditionals="5" methods="11" coveredmethods="10"/>
      <file name="actions.js" path="/Users/user150404/Desktop/Projetos React Native/testsrn/src/store/actions.js">
        <metrics statements="3" coveredstatements="3" conditionals="0" coveredconditionals="0" methods="3" coveredmethods="3"/>
        <line num="2" count="3" type="stmt"/>
        <line num="8" count="1" type="stmt"/>
        <line num="14" count="2" type="stmt"/>
      </file>
      <file name="reducers.js" path="/Users/user150404/Desktop/Projetos React Native/testsrn/src/store/reducers.js">
        <metrics statements="6" coveredstatements="5" conditionals="7" coveredconditionals="5" methods="3" coveredmethods="3"/>
        <line num="2" count="4" type="cond" truecount="3" falsecount="1"/>
        <line num="4" count="1" type="stmt"/>
        <line num="7" count="2" type="stmt"/>
        <line num="10" count="2" type="stmt"/>
        <line num="11" count="4" type="cond" truecount="2" falsecount="0"/>
        <line num="17" count="0" type="stmt"/>
      </file>
      <file name="sagas.js" path="/Users/user150404/Desktop/Projetos React Native/testsrn/src/store/sagas.js">
        <metrics statements="5" coveredstatements="1" conditionals="2" coveredconditionals="0" methods="2" coveredmethods="1"/>
        <line num="7" count="0" type="stmt"/>
        <line num="9" count="0" type="cond" truecount="0" falsecount="2"/>
        <line num="10" count="0" type="stmt"/>
        <line num="12" count="0" type="stmt"/>
        <line num="17" count="2" type="stmt"/>
      </file>
      <file name="userActions.js" path="/Users/user150404/Desktop/Projetos React Native/testsrn/src/store/userActions.js">
        <metrics statements="3" coveredstatements="3" conditionals="0" coveredconditionals="0" methods="3" coveredmethods="3"/>
        <line num="2" count="2" type="stmt"/>
        <line num="11" count="1" type="stmt"/>
        <line num="20" count="1" type="stmt"/>
      </file>
    </package>
  </project>
</coverage>
