{"/Users/user150404/Desktop/Projetos React Native/testsrn/src/List.js": {"path":"/Users/user150404/Desktop/Projetos React Native/testsrn/src/List.js","statementMap":{"0":{"start":{"line":14,"column":18},"end":{"line":14,"column":79}},"1":{"start":{"line":16,"column":4},"end":{"line":16,"column":29}},"2":{"start":{"line":20,"column":4},"end":{"line":24,"column":17}},"3":{"start":{"line":22,"column":8},"end":{"line":22,"column":69}},"4":{"start":{"line":27,"column":4},"end":{"line":32,"column":7}},"5":{"start":{"line":36,"column":4},"end":{"line":38,"column":7}},"6":{"start":{"line":37,"column":45},"end":{"line":37,"column":59}},"7":{"start":{"line":42,"column":4},"end":{"line":45,"column":6}},"8":{"start":{"line":49,"column":4},"end":{"line":60,"column":6}}},"fnMap":{"0":{"name":"(anonymous_0)","decl":{"start":{"line":13,"column":2},"end":{"line":13,"column":3}},"loc":{"start":{"line":13,"column":28},"end":{"line":17,"column":3}},"line":13},"1":{"name":"(anonymous_1)","decl":{"start":{"line":19,"column":16},"end":{"line":19,"column":17}},"loc":{"start":{"line":20,"column":4},"end":{"line":24,"column":17}},"line":20},"2":{"name":"(anonymous_2)","decl":{"start":{"line":21,"column":28},"end":{"line":21,"column":29}},"loc":{"start":{"line":22,"column":8},"end":{"line":22,"column":69}},"line":22},"3":{"name":"(anonymous_3)","decl":{"start":{"line":26,"column":12},"end":{"line":26,"column":13}},"loc":{"start":{"line":26,"column":18},"end":{"line":33,"column":3}},"line":26},"4":{"name":"(anonymous_4)","decl":{"start":{"line":35,"column":15},"end":{"line":35,"column":16}},"loc":{"start":{"line":35,"column":21},"end":{"line":39,"column":3}},"line":35},"5":{"name":"(anonymous_5)","decl":{"start":{"line":37,"column":37},"end":{"line":37,"column":38}},"loc":{"start":{"line":37,"column":45},"end":{"line":37,"column":59}},"line":37},"6":{"name":"(anonymous_6)","decl":{"start":{"line":41,"column":14},"end":{"line":41,"column":15}},"loc":{"start":{"line":41,"column":26},"end":{"line":46,"column":3}},"line":41},"7":{"name":"(anonymous_7)","decl":{"start":{"line":48,"column":2},"end":{"line":48,"column":3}},"loc":{"start":{"line":48,"column":11},"end":{"line":61,"column":3}},"line":48}},"branchMap":{"0":{"loc":{"start":{"line":14,"column":18},"end":{"line":14,"column":79}},"type":"binary-expr","locations":[{"start":{"line":14,"column":18},"end":{"line":14,"column":73}},{"start":{"line":14,"column":77},"end":{"line":14,"column":79}}],"line":14},"1":{"loc":{"start":{"line":51,"column":9},"end":{"line":55,"column":9}},"type":"cond-expr","locations":[{"start":{"line":52,"column":10},"end":{"line":52,"column":28}},{"start":{"line":54,"column":10},"end":{"line":54,"column":34}}],"line":51}},"s":{"0":6,"1":0,"2":6,"3":15,"4":1,"5":1,"6":3,"7":1,"8":12},"f":{"0":6,"1":6,"2":15,"3":1,"4":1,"5":3,"6":1,"7":12},"b":{"0":[6,0],"1":[6,6]},"_coverageSchema":"43e27e138ebf9cfc5966b082cf9a028302ed4184","hash":"d8c1d2e21b5197d1ee567974e02ae5fde02158f3"}
,"/Users/user150404/Desktop/Projetos React Native/testsrn/src/Post.js": {"path":"/Users/user150404/Desktop/Projetos React Native/testsrn/src/Post.js","statementMap":{"0":{"start":{"line":5,"column":13},"end":{"line":12,"column":1}},"1":{"start":{"line":6,"column":2},"end":{"line":11,"column":9}},"2":{"start":{"line":10,"column":47},"end":{"line":10,"column":64}}},"fnMap":{"0":{"name":"(anonymous_0)","decl":{"start":{"line":5,"column":13},"end":{"line":5,"column":14}},"loc":{"start":{"line":6,"column":2},"end":{"line":11,"column":9}},"line":6},"1":{"name":"(anonymous_1)","decl":{"start":{"line":10,"column":41},"end":{"line":10,"column":42}},"loc":{"start":{"line":10,"column":47},"end":{"line":10,"column":64}},"line":10}},"branchMap":{},"s":{"0":2,"1":1,"2":1},"f":{"0":1,"1":1},"b":{},"_coverageSchema":"43e27e138ebf9cfc5966b082cf9a028302ed4184","hash":"2775d49e4692f5a64c0ed3126c4b32f2083a76a5"}
,"/Users/user150404/Desktop/Projetos React Native/testsrn/src/TodoList.js": {"path":"/Users/user150404/Desktop/Projetos React Native/testsrn/src/TodoList.js","statementMap":{"0":{"start":{"line":9,"column":17},"end":{"line":17,"column":1}},"1":{"start":{"line":10,"column":2},"end":{"line":16,"column":9}},"2":{"start":{"line":12,"column":6},"end":{"line":12,"column":44}},"3":{"start":{"line":19,"column":24},"end":{"line":21,"column":2}},"4":{"start":{"line":19,"column":34},"end":{"line":21,"column":1}},"5":{"start":{"line":23,"column":27},"end":{"line":23,"column":76}},"6":{"start":{"line":23,"column":39},"end":{"line":23,"column":76}}},"fnMap":{"0":{"name":"(anonymous_0)","decl":{"start":{"line":9,"column":17},"end":{"line":9,"column":18}},"loc":{"start":{"line":10,"column":2},"end":{"line":16,"column":9}},"line":10},"1":{"name":"(anonymous_1)","decl":{"start":{"line":11,"column":15},"end":{"line":11,"column":16}},"loc":{"start":{"line":12,"column":6},"end":{"line":12,"column":44}},"line":12},"2":{"name":"(anonymous_2)","decl":{"start":{"line":19,"column":24},"end":{"line":19,"column":25}},"loc":{"start":{"line":19,"column":34},"end":{"line":21,"column":1}},"line":19},"3":{"name":"(anonymous_3)","decl":{"start":{"line":23,"column":27},"end":{"line":23,"column":28}},"loc":{"start":{"line":23,"column":39},"end":{"line":23,"column":76}},"line":23}},"branchMap":{},"s":{"0":1,"1":2,"2":4,"3":1,"4":2,"5":1,"6":2},"f":{"0":2,"1":4,"2":2,"3":2},"b":{},"_coverageSchema":"43e27e138ebf9cfc5966b082cf9a028302ed4184","hash":"20c89f308ce67d44ed36a6bdf950955a2f911eb5"}
,"/Users/user150404/Desktop/Projetos React Native/testsrn/src/service/api.js": {"path":"/Users/user150404/Desktop/Projetos React Native/testsrn/src/service/api.js","statementMap":{},"fnMap":{},"branchMap":{},"s":{},"f":{},"b":{},"_coverageSchema":"43e27e138ebf9cfc5966b082cf9a028302ed4184","hash":"c5d815260d9ffdb7105dd55865eaad43e36985bd"}
,"/Users/user150404/Desktop/Projetos React Native/testsrn/src/store/actions.js": {"path":"/Users/user150404/Desktop/Projetos React Native/testsrn/src/store/actions.js","statementMap":{"0":{"start":{"line":2,"column":2},"end":{"line":5,"column":4}},"1":{"start":{"line":8,"column":2},"end":{"line":11,"column":4}},"2":{"start":{"line":14,"column":2},"end":{"line":17,"column":4}}},"fnMap":{"0":{"name":"addTodo","decl":{"start":{"line":1,"column":16},"end":{"line":1,"column":23}},"loc":{"start":{"line":1,"column":30},"end":{"line":6,"column":1}},"line":1},"1":{"name":"removeTodo","decl":{"start":{"line":7,"column":16},"end":{"line":7,"column":26}},"loc":{"start":{"line":7,"column":31},"end":{"line":12,"column":1}},"line":7},"2":{"name":"completeTodo","decl":{"start":{"line":13,"column":16},"end":{"line":13,"column":28}},"loc":{"start":{"line":13,"column":33},"end":{"line":18,"column":1}},"line":13}},"branchMap":{},"s":{"0":3,"1":1,"2":2},"f":{"0":3,"1":1,"2":2},"b":{},"_coverageSchema":"43e27e138ebf9cfc5966b082cf9a028302ed4184","hash":"2029aef6cc0d2fa9c2e885d86ede0548ea545183"}
,"/Users/user150404/Desktop/Projetos React Native/testsrn/src/store/reducers.js": {"path":"/Users/user150404/Desktop/Projetos React Native/testsrn/src/store/reducers.js","statementMap":{"0":{"start":{"line":2,"column":2},"end":{"line":18,"column":3}},"1":{"start":{"line":4,"column":6},"end":{"line":4,"column":74}},"2":{"start":{"line":7,"column":6},"end":{"line":7,"column":65}},"3":{"start":{"line":7,"column":34},"end":{"line":7,"column":63}},"4":{"start":{"line":10,"column":6},"end":{"line":14,"column":8}},"5":{"start":{"line":11,"column":8},"end":{"line":13,"column":16}},"6":{"start":{"line":17,"column":6},"end":{"line":17,"column":19}}},"fnMap":{"0":{"name":"todos","decl":{"start":{"line":1,"column":24},"end":{"line":1,"column":29}},"loc":{"start":{"line":1,"column":50},"end":{"line":19,"column":1}},"line":1},"1":{"name":"(anonymous_1)","decl":{"start":{"line":7,"column":26},"end":{"line":7,"column":27}},"loc":{"start":{"line":7,"column":34},"end":{"line":7,"column":63}},"line":7},"2":{"name":"(anonymous_2)","decl":{"start":{"line":10,"column":23},"end":{"line":10,"column":24}},"loc":{"start":{"line":11,"column":8},"end":{"line":13,"column":16}},"line":11}},"branchMap":{"0":{"loc":{"start":{"line":1,"column":30},"end":{"line":1,"column":40}},"type":"default-arg","locations":[{"start":{"line":1,"column":38},"end":{"line":1,"column":40}}],"line":1},"1":{"loc":{"start":{"line":2,"column":2},"end":{"line":18,"column":3}},"type":"switch","locations":[{"start":{"line":3,"column":4},"end":{"line":5,"column":5}},{"start":{"line":6,"column":4},"end":{"line":8,"column":5}},{"start":{"line":9,"column":4},"end":{"line":15,"column":5}},{"start":{"line":16,"column":4},"end":{"line":17,"column":19}}],"line":2},"2":{"loc":{"start":{"line":11,"column":8},"end":{"line":13,"column":16}},"type":"cond-expr","locations":[{"start":{"line":12,"column":12},"end":{"line":12,"column":51}},{"start":{"line":13,"column":12},"end":{"line":13,"column":16}}],"line":11}},"s":{"0":4,"1":1,"2":1,"3":2,"4":2,"5":4,"6":0},"f":{"0":4,"1":2,"2":4},"b":{"0":[0],"1":[1,1,2,0],"2":[2,2]},"_coverageSchema":"43e27e138ebf9cfc5966b082cf9a028302ed4184","hash":"bea21c99198ebdff58b33ffa86f4cabd076e461d"}
,"/Users/user150404/Desktop/Projetos React Native/testsrn/src/store/sagas.js": {"path":"/Users/user150404/Desktop/Projetos React Native/testsrn/src/store/sagas.js","statementMap":{"0":{"start":{"line":7,"column":19},"end":{"line":7,"column":75}},"1":{"start":{"line":9,"column":2},"end":{"line":13,"column":3}},"2":{"start":{"line":10,"column":4},"end":{"line":10,"column":53}},"3":{"start":{"line":12,"column":4},"end":{"line":12,"column":40}},"4":{"start":{"line":17,"column":2},"end":{"line":17,"column":60}}},"fnMap":{"0":{"name":"addUserFromGithub","decl":{"start":{"line":6,"column":10},"end":{"line":6,"column":27}},"loc":{"start":{"line":6,"column":36},"end":{"line":14,"column":1}},"line":6},"1":{"name":"root","decl":{"start":{"line":16,"column":25},"end":{"line":16,"column":29}},"loc":{"start":{"line":16,"column":32},"end":{"line":18,"column":1}},"line":16}},"branchMap":{"0":{"loc":{"start":{"line":9,"column":2},"end":{"line":13,"column":3}},"type":"if","locations":[{"start":{"line":9,"column":2},"end":{"line":13,"column":3}},{"start":{"line":9,"column":2},"end":{"line":13,"column":3}}],"line":9}},"s":{"0":0,"1":0,"2":0,"3":0,"4":2},"f":{"0":0,"1":2},"b":{"0":[0,0]},"_coverageSchema":"43e27e138ebf9cfc5966b082cf9a028302ed4184","hash":"fb6ceb95b0c649be109e50ae80af09e166f1b941"}
,"/Users/user150404/Desktop/Projetos React Native/testsrn/src/store/userActions.js": {"path":"/Users/user150404/Desktop/Projetos React Native/testsrn/src/store/userActions.js","statementMap":{"0":{"start":{"line":2,"column":2},"end":{"line":7,"column":4}},"1":{"start":{"line":11,"column":2},"end":{"line":16,"column":4}},"2":{"start":{"line":20,"column":2},"end":{"line":22,"column":4}}},"fnMap":{"0":{"name":"addUserRequest","decl":{"start":{"line":1,"column":16},"end":{"line":1,"column":30}},"loc":{"start":{"line":1,"column":41},"end":{"line":8,"column":1}},"line":1},"1":{"name":"addUserSuccess","decl":{"start":{"line":10,"column":16},"end":{"line":10,"column":30}},"loc":{"start":{"line":10,"column":37},"end":{"line":17,"column":1}},"line":10},"2":{"name":"addUserFailure","decl":{"start":{"line":19,"column":16},"end":{"line":19,"column":30}},"loc":{"start":{"line":19,"column":33},"end":{"line":23,"column":1}},"line":19}},"branchMap":{},"s":{"0":2,"1":1,"2":1},"f":{"0":2,"1":1,"2":1},"b":{},"_coverageSchema":"43e27e138ebf9cfc5966b082cf9a028302ed4184","hash":"0e89b6b5ff2c1cb6f62a266976f1d6a304fc41df"}
}
